openmp.c with 200
Random seed = 47

Matrix dimension N = 200.

Initializing...

Starting clock.
Computing using OpenMP.
Stopped clock.

Elapsed time = 18.802 ms.
--------------------------------------------
--------------------------
openmp.c with 400
Random seed = 47

Matrix dimension N = 400.

Initializing...

Starting clock.
Computing using OpenMP.
Stopped clock.

Elapsed time = 48.496 ms.
--------------------------------------------
--------------------------
openmp.c with 600
Random seed = 47

Matrix dimension N = 600.

Initializing...

Starting clock.
Computing using OpenMP.
Stopped clock.

Elapsed time = 38.101 ms.
--------------------------------------------
--------------------------
openmp.c with 800
Random seed = 47

Matrix dimension N = 800.

Initializing...

Starting clock.
Computing using OpenMP.
Stopped clock.

Elapsed time = 102.602 ms.
--------------------------------------------
--------------------------
openmp.c with 1000
Random seed = 47

Matrix dimension N = 1000.

Initializing...

Starting clock.
Computing using OpenMP.
Stopped clock.

Elapsed time = 203.179 ms.
--------------------------------------------
--------------------------
openmp.c with 1200
Random seed = 47

Matrix dimension N = 1200.

Initializing...

Starting clock.
Computing using OpenMP.
Stopped clock.

Elapsed time = 226.894 ms.
--------------------------------------------
--------------------------
openmp.c with 1400
Random seed = 47

Matrix dimension N = 1400.

Initializing...

Starting clock.
Computing using OpenMP.
Stopped clock.

Elapsed time = 362.271 ms.
--------------------------------------------
--------------------------
openmp.c with 1600
Random seed = 47

Matrix dimension N = 1600.

Initializing...

Starting clock.
Computing using OpenMP.
Stopped clock.

Elapsed time = 1067.02 ms.
--------------------------------------------
--------------------------
openmp.c with 1800
Random seed = 47

Matrix dimension N = 1800.

Initializing...

Starting clock.
Computing using OpenMP.
Stopped clock.

Elapsed time = 783.155 ms.
--------------------------------------------
--------------------------
openmp.c with 2000
Random seed = 47

Matrix dimension N = 2000.

Initializing...

Starting clock.
Computing using OpenMP.
Stopped clock.

Elapsed time = 947.095 ms.
--------------------------------------------
--------------------------
openmp.c with 2200
Random seed = 47

Matrix dimension N = 2200.

Initializing...

Starting clock.
Computing using OpenMP.
Stopped clock.

Elapsed time = 1436.45 ms.
--------------------------------------------
--------------------------
openmp.c with 2400
Random seed = 47

Matrix dimension N = 2400.

Initializing...

Starting clock.
Computing using OpenMP.
Stopped clock.

Elapsed time = 1566.28 ms.
--------------------------------------------
--------------------------
openmp.c with 2600
Random seed = 47

Matrix dimension N = 2600.

Initializing...

Starting clock.
Computing using OpenMP.
Stopped clock.

Elapsed time = 2072.1 ms.
--------------------------------------------
--------------------------
openmp.c with 2800
Random seed = 47

Matrix dimension N = 2800.

Initializing...

Starting clock.
Computing using OpenMP.
Stopped clock.

Elapsed time = 2465.71 ms.
--------------------------------------------
--------------------------
openmp.c with 3000
Random seed = 47

Matrix dimension N = 3000.

Initializing...

Starting clock.
Computing using OpenMP.
Stopped clock.

Elapsed time = 3098.39 ms.
--------------------------------------------
