gauss_seq3 with 200
the input matrix size: 200
gauss runtime in microseconds: 7957 us
gauss runtime in milliseconds: 7 ms
gauss runtime in seconds: 0 s
--------------------------
gauss_seq3 with 400
the input matrix size: 400
gauss runtime in microseconds: 63280 us
gauss runtime in milliseconds: 63 ms
gauss runtime in seconds: 0 s
--------------------------
gauss_seq3 with 600
the input matrix size: 600
gauss runtime in microseconds: 211844 us
gauss runtime in milliseconds: 211 ms
gauss runtime in seconds: 0 s
--------------------------
gauss_seq3 with 800
the input matrix size: 800
gauss runtime in microseconds: 523159 us
gauss runtime in milliseconds: 524 ms
gauss runtime in seconds: 1 s
--------------------------
gauss_seq3 with 1000
the input matrix size: 1000
gauss runtime in microseconds: 978329 us
gauss runtime in milliseconds: 979 ms
gauss runtime in seconds: 1 s
--------------------------
gauss_seq3 with 1200
the input matrix size: 1200
gauss runtime in microseconds: 1816149 us
gauss runtime in milliseconds: 1817 ms
gauss runtime in seconds: 2 s
--------------------------
gauss_seq3 with 1400
the input matrix size: 1400
gauss runtime in microseconds: 2688282 us
gauss runtime in milliseconds: 2689 ms
gauss runtime in seconds: 3 s
--------------------------
gauss_seq3 with 1600
the input matrix size: 1600
gauss runtime in microseconds: 4189735 us
gauss runtime in milliseconds: 4189 ms
gauss runtime in seconds: 4 s
--------------------------
gauss_seq3 with 1800
the input matrix size: 1800
gauss runtime in microseconds: 6440432 us
gauss runtime in milliseconds: 6441 ms
gauss runtime in seconds: 7 s
--------------------------
gauss_seq3 with 2000
the input matrix size: 2000
gauss runtime in microseconds: 7859271 us
gauss runtime in milliseconds: 7860 ms
gauss runtime in seconds: 8 s
--------------------------
gauss_seq3 with 2200
the input matrix size: 2200
gauss runtime in microseconds: 10584942 us
gauss runtime in milliseconds: 10584 ms
gauss runtime in seconds: 10 s
--------------------------
gauss_seq3 with 2400
the input matrix size: 2400
gauss runtime in microseconds: 15164747 us
gauss runtime in milliseconds: 15164 ms
gauss runtime in seconds: 15 s
--------------------------
gauss_seq3 with 2600
the input matrix size: 2600
gauss runtime in microseconds: 19369912 us
gauss runtime in milliseconds: 19369 ms
gauss runtime in seconds: 19 s
--------------------------
gauss_seq3 with 2800
the input matrix size: 2800
gauss runtime in microseconds: 23085631 us
gauss runtime in milliseconds: 23085 ms
gauss runtime in seconds: 23 s
--------------------------
gauss_seq3 with 3000
the input matrix size: 3000
gauss runtime in microseconds: 30420380 us
gauss runtime in milliseconds: 30420 ms
gauss runtime in seconds: 30 s
