gauss_seq1 with 200
the input matrix size: 200
gauss runtime in microseconds: 12663 us
gauss runtime in milliseconds: 12 ms
gauss runtime in seconds: 0 s
--------------------------
gauss_seq1 with 400
the input matrix size: 400
gauss runtime in microseconds: 100886 us
gauss runtime in milliseconds: 100 ms
gauss runtime in seconds: 0 s
--------------------------
gauss_seq1 with 600
the input matrix size: 600
gauss runtime in microseconds: 339842 us
gauss runtime in milliseconds: 340 ms
gauss runtime in seconds: 1 s
--------------------------
gauss_seq1 with 800
the input matrix size: 800
gauss runtime in microseconds: 805930 us
gauss runtime in milliseconds: 805 ms
gauss runtime in seconds: 0 s
--------------------------
gauss_seq1 with 1000
the input matrix size: 1000
gauss runtime in microseconds: 1574448 us
gauss runtime in milliseconds: 1575 ms
gauss runtime in seconds: 2 s
--------------------------
gauss_seq1 with 1200
the input matrix size: 1200
gauss runtime in microseconds: 2716678 us
gauss runtime in milliseconds: 2717 ms
gauss runtime in seconds: 3 s
--------------------------
gauss_seq1 with 1400
the input matrix size: 1400
gauss runtime in microseconds: 4315705 us
gauss runtime in milliseconds: 4315 ms
gauss runtime in seconds: 4 s
--------------------------
gauss_seq1 with 1600
the input matrix size: 1600
gauss runtime in microseconds: 6468275 us
gauss runtime in milliseconds: 6468 ms
gauss runtime in seconds: 6 s
--------------------------
gauss_seq1 with 1800
the input matrix size: 1800
gauss runtime in microseconds: 9233797 us
gauss runtime in milliseconds: 9234 ms
gauss runtime in seconds: 10 s
--------------------------
gauss_seq1 with 2000
the input matrix size: 2000
gauss runtime in microseconds: 12676564 us
gauss runtime in milliseconds: 12677 ms
gauss runtime in seconds: 13 s
--------------------------
gauss_seq1 with 2200
the input matrix size: 2200
gauss runtime in microseconds: 16879913 us
gauss runtime in milliseconds: 16880 ms
gauss runtime in seconds: 17 s
--------------------------
gauss_seq1 with 2400
the input matrix size: 2400
gauss runtime in microseconds: 21978383 us
gauss runtime in milliseconds: 21979 ms
gauss runtime in seconds: 22 s
--------------------------
gauss_seq1 with 2600
the input matrix size: 2600
gauss runtime in microseconds: 27957155 us
gauss runtime in milliseconds: 27958 ms
gauss runtime in seconds: 28 s
--------------------------
gauss_seq1 with 2800
the input matrix size: 2800
gauss runtime in microseconds: 34993079 us
gauss runtime in milliseconds: 34994 ms
gauss runtime in seconds: 35 s
--------------------------
gauss_seq1 with 3000
the input matrix size: 3000
gauss runtime in microseconds: 43130628 us
gauss runtime in milliseconds: 43130 ms
gauss runtime in seconds: 43 s
