mpi_pivot with 4 processors for N 200
[compute-35-3:24361] mca_base_component_repository_open: unable to open mca_mtl_ofi: /usr/lib/libibverbs.so.1: version `IBVERBS_1.6' not found (required by /usr/lib/x86_64-linux-gnu/libfabric.so.1) (ignored)
[compute-35-3:24360] mca_base_component_repository_open: unable to open mca_mtl_ofi: /usr/lib/libibverbs.so.1: version `IBVERBS_1.6' not found (required by /usr/lib/x86_64-linux-gnu/libfabric.so.1) (ignored)
[compute-35-3:24362] mca_base_component_repository_open: unable to open mca_mtl_ofi: /usr/lib/libibverbs.so.1: version `IBVERBS_1.6' not found (required by /usr/lib/x86_64-linux-gnu/libfabric.so.1) (ignored)
[compute-35-3:24359] mca_base_component_repository_open: unable to open mca_mtl_ofi: /usr/lib/libibverbs.so.1: version `IBVERBS_1.6' not found (required by /usr/lib/x86_64-linux-gnu/libfabric.so.1) (ignored)
Time taken for execution is 0.035208
[1651163914.185336] [compute-35-3:24362:0]          mpool.c:43   UCX  WARN  object 0x7f3a03b44f40 was not returned to mpool ucp_am_bufs
[1651163914.185355] [compute-35-3:24362:0]          mpool.c:43   UCX  WARN  object 0x7f3a03b54fc0 was not returned to mpool ucp_am_bufs
--------------------------
mpi_pivot with 4 processors for N 400
[compute-35-3:24422] mca_base_component_repository_open: unable to open mca_mtl_ofi: /usr/lib/libibverbs.so.1: version `IBVERBS_1.6' not found (required by /usr/lib/x86_64-linux-gnu/libfabric.so.1) (ignored)
[compute-35-3:24421] mca_base_component_repository_open: unable to open mca_mtl_ofi: /usr/lib/libibverbs.so.1: version `IBVERBS_1.6' not found (required by /usr/lib/x86_64-linux-gnu/libfabric.so.1) (ignored)
[compute-35-3:24423] mca_base_component_repository_open: unable to open mca_mtl_ofi: /usr/lib/libibverbs.so.1: version `IBVERBS_1.6' not found (required by /usr/lib/x86_64-linux-gnu/libfabric.so.1) (ignored)
[compute-35-3:24420] mca_base_component_repository_open: unable to open mca_mtl_ofi: /usr/lib/libibverbs.so.1: version `IBVERBS_1.6' not found (required by /usr/lib/x86_64-linux-gnu/libfabric.so.1) (ignored)
Time taken for execution is 0.138847
[1651163914.971612] [compute-35-3:24423:0]          mpool.c:43   UCX  WARN  object 0x7ff185a8df40 was not returned to mpool ucp_am_bufs
[1651163914.971629] [compute-35-3:24423:0]          mpool.c:43   UCX  WARN  object 0x7ff185a9dfc0 was not returned to mpool ucp_am_bufs
--------------------------
mpi_pivot with 4 processors for N 600
[compute-35-3:24468] mca_base_component_repository_open: unable to open mca_mtl_ofi: /usr/lib/libibverbs.so.1: version `IBVERBS_1.6' not found (required by /usr/lib/x86_64-linux-gnu/libfabric.so.1) (ignored)
[compute-35-3:24470] mca_base_component_repository_open: unable to open mca_mtl_ofi: /usr/lib/libibverbs.so.1: version `IBVERBS_1.6' not found (required by /usr/lib/x86_64-linux-gnu/libfabric.so.1) (ignored)
[compute-35-3:24471] mca_base_component_repository_open: unable to open mca_mtl_ofi: /usr/lib/libibverbs.so.1: version `IBVERBS_1.6' not found (required by /usr/lib/x86_64-linux-gnu/libfabric.so.1) (ignored)
[compute-35-3:24469] mca_base_component_repository_open: unable to open mca_mtl_ofi: /usr/lib/libibverbs.so.1: version `IBVERBS_1.6' not found (required by /usr/lib/x86_64-linux-gnu/libfabric.so.1) (ignored)
Time taken for execution is 0.168829
[1651163915.758031] [compute-35-3:24471:0]          mpool.c:43   UCX  WARN  object 0x7ff747dd0f40 was not returned to mpool ucp_am_bufs
[1651163915.758056] [compute-35-3:24471:0]          mpool.c:43   UCX  WARN  object 0x7ff747de0fc0 was not returned to mpool ucp_am_bufs
--------------------------
mpi_pivot with 4 processors for N 800
[compute-35-3:24518] mca_base_component_repository_open: unable to open mca_mtl_ofi: /usr/lib/libibverbs.so.1: version `IBVERBS_1.6' not found (required by /usr/lib/x86_64-linux-gnu/libfabric.so.1) (ignored)
[compute-35-3:24519] mca_base_component_repository_open: unable to open mca_mtl_ofi: /usr/lib/libibverbs.so.1: version `IBVERBS_1.6' not found (required by /usr/lib/x86_64-linux-gnu/libfabric.so.1) (ignored)
[compute-35-3:24517] mca_base_component_repository_open: unable to open mca_mtl_ofi: /usr/lib/libibverbs.so.1: version `IBVERBS_1.6' not found (required by /usr/lib/x86_64-linux-gnu/libfabric.so.1) (ignored)
[compute-35-3:24516] mca_base_component_repository_open: unable to open mca_mtl_ofi: /usr/lib/libibverbs.so.1: version `IBVERBS_1.6' not found (required by /usr/lib/x86_64-linux-gnu/libfabric.so.1) (ignored)
Time taken for execution is 0.333984
[1651163916.702766] [compute-35-3:24519:0]          mpool.c:43   UCX  WARN  object 0x7f55ebc49f40 was not returned to mpool ucp_am_bufs
[1651163916.702785] [compute-35-3:24519:0]          mpool.c:43   UCX  WARN  object 0x7f55ebc59fc0 was not returned to mpool ucp_am_bufs
--------------------------
mpi_pivot with 4 processors for N 1000
[compute-35-3:24564] mca_base_component_repository_open: unable to open mca_mtl_ofi: /usr/lib/libibverbs.so.1: version `IBVERBS_1.6' not found (required by /usr/lib/x86_64-linux-gnu/libfabric.so.1) (ignored)
[compute-35-3:24566] mca_base_component_repository_open: unable to open mca_mtl_ofi: /usr/lib/libibverbs.so.1: version `IBVERBS_1.6' not found (required by /usr/lib/x86_64-linux-gnu/libfabric.so.1) (ignored)
[compute-35-3:24565] mca_base_component_repository_open: unable to open mca_mtl_ofi: /usr/lib/libibverbs.so.1: version `IBVERBS_1.6' not found (required by /usr/lib/x86_64-linux-gnu/libfabric.so.1) (ignored)
[compute-35-3:24567] mca_base_component_repository_open: unable to open mca_mtl_ofi: /usr/lib/libibverbs.so.1: version `IBVERBS_1.6' not found (required by /usr/lib/x86_64-linux-gnu/libfabric.so.1) (ignored)
[compute-35-3:24564:0:24564] Caught signal 11 (Segmentation fault: address not mapped to object at address 0x7ffc7a87d720)
==== backtrace (tid:  24564) ====
 0  /usr/lib/libucs.so.0(ucs_handle_error+0x124) [0x7f10a889ae04]
 1  /usr/lib/libucs.so.0(+0x2422c) [0x7f10a889b22c]
 2  /usr/lib/libucs.so.0(+0x244a4) [0x7f10a889b4a4]
 3  ../bin/mpi_pivot() [0x401e31]
 4  /lib/x86_64-linux-gnu/libc.so.6(__libc_start_main+0xe7) [0x7f10ad0ddc87]
 5  ../bin/mpi_pivot() [0x40116a]
=================================
--------------------------------------------------------------------------
Primary job  terminated normally, but 1 process returned
a non-zero exit code. Per user-direction, the job has been aborted.
--------------------------------------------------------------------------
--------------------------------------------------------------------------
mpirun noticed that process rank 0 with PID 24564 on node compute-35-3 exited on signal 11 (Segmentation fault).
--------------------------------------------------------------------------
--------------------------
mpi_pivot with 4 processors for N 1200
[compute-35-3:24612] mca_base_component_repository_open: unable to open mca_mtl_ofi: /usr/lib/libibverbs.so.1: version `IBVERBS_1.6' not found (required by /usr/lib/x86_64-linux-gnu/libfabric.so.1) (ignored)
[compute-35-3:24613] mca_base_component_repository_open: unable to open mca_mtl_ofi: /usr/lib/libibverbs.so.1: version `IBVERBS_1.6' not found (required by /usr/lib/x86_64-linux-gnu/libfabric.so.1) (ignored)
[compute-35-3:24615] mca_base_component_repository_open: unable to open mca_mtl_ofi: /usr/lib/libibverbs.so.1: version `IBVERBS_1.6' not found (required by /usr/lib/x86_64-linux-gnu/libfabric.so.1) (ignored)
[compute-35-3:24614] mca_base_component_repository_open: unable to open mca_mtl_ofi: /usr/lib/libibverbs.so.1: version `IBVERBS_1.6' not found (required by /usr/lib/x86_64-linux-gnu/libfabric.so.1) (ignored)
[compute-35-3:24612:0:24612] Caught signal 11 (Segmentation fault: address not mapped to object at address 0x7ffee50225b8)
==== backtrace (tid:  24612) ====
 0  /usr/lib/libucs.so.0(ucs_handle_error+0x124) [0x7f2620311e04]
 1  /usr/lib/libucs.so.0(+0x2422c) [0x7f262031222c]
 2  /usr/lib/libucs.so.0(+0x244a4) [0x7f26203124a4]
 3  ../bin/mpi_pivot() [0x401992]
 4  /lib/x86_64-linux-gnu/libc.so.6(__libc_start_main+0xe7) [0x7f2624b54c87]
 5  ../bin/mpi_pivot() [0x40116a]
=================================
--------------------------------------------------------------------------
Primary job  terminated normally, but 1 process returned
a non-zero exit code. Per user-direction, the job has been aborted.
--------------------------------------------------------------------------
--------------------------------------------------------------------------
mpirun noticed that process rank 0 with PID 24612 on node compute-35-3 exited on signal 11 (Segmentation fault).
--------------------------------------------------------------------------
--------------------------
mpi_pivot with 4 processors for N 1400
[compute-35-3:24660] mca_base_component_repository_open: unable to open mca_mtl_ofi: /usr/lib/libibverbs.so.1: version `IBVERBS_1.6' not found (required by /usr/lib/x86_64-linux-gnu/libfabric.so.1) (ignored)
[compute-35-3:24664] mca_base_component_repository_open: unable to open mca_mtl_ofi: /usr/lib/libibverbs.so.1: version `IBVERBS_1.6' not found (required by /usr/lib/x86_64-linux-gnu/libfabric.so.1) (ignored)
[compute-35-3:24661] mca_base_component_repository_open: unable to open mca_mtl_ofi: /usr/lib/libibverbs.so.1: version `IBVERBS_1.6' not found (required by /usr/lib/x86_64-linux-gnu/libfabric.so.1) (ignored)
[compute-35-3:24665] mca_base_component_repository_open: unable to open mca_mtl_ofi: /usr/lib/libibverbs.so.1: version `IBVERBS_1.6' not found (required by /usr/lib/x86_64-linux-gnu/libfabric.so.1) (ignored)
[compute-35-3:24660:0:24660] Caught signal 11 (Segmentation fault: address not mapped to object at address 0x7ffe6875d288)
==== backtrace (tid:  24660) ====
 0  /usr/lib/libucs.so.0(ucs_handle_error+0x124) [0x7f5d791cbe04]
 1  /usr/lib/libucs.so.0(+0x2422c) [0x7f5d791cc22c]
 2  /usr/lib/libucs.so.0(+0x244a4) [0x7f5d791cc4a4]
 3  ../bin/mpi_pivot() [0x401992]
 4  /lib/x86_64-linux-gnu/libc.so.6(__libc_start_main+0xe7) [0x7f5d7da0ec87]
 5  ../bin/mpi_pivot() [0x40116a]
=================================
--------------------------------------------------------------------------
Primary job  terminated normally, but 1 process returned
a non-zero exit code. Per user-direction, the job has been aborted.
--------------------------------------------------------------------------
--------------------------------------------------------------------------
mpirun noticed that process rank 0 with PID 24660 on node compute-35-3 exited on signal 11 (Segmentation fault).
--------------------------------------------------------------------------
--------------------------
mpi_pivot with 4 processors for N 1600
[compute-35-3:24712] mca_base_component_repository_open: unable to open mca_mtl_ofi: /usr/lib/libibverbs.so.1: version `IBVERBS_1.6' not found (required by /usr/lib/x86_64-linux-gnu/libfabric.so.1) (ignored)
[compute-35-3:24708] mca_base_component_repository_open: unable to open mca_mtl_ofi: /usr/lib/libibverbs.so.1: version `IBVERBS_1.6' not found (required by /usr/lib/x86_64-linux-gnu/libfabric.so.1) (ignored)
[compute-35-3:24709] mca_base_component_repository_open: unable to open mca_mtl_ofi: /usr/lib/libibverbs.so.1: version `IBVERBS_1.6' not found (required by /usr/lib/x86_64-linux-gnu/libfabric.so.1) (ignored)
[compute-35-3:24713] mca_base_component_repository_open: unable to open mca_mtl_ofi: /usr/lib/libibverbs.so.1: version `IBVERBS_1.6' not found (required by /usr/lib/x86_64-linux-gnu/libfabric.so.1) (ignored)
[compute-35-3:24708:0:24708] Caught signal 11 (Segmentation fault: address not mapped to object at address 0x7ffee2003ca8)
==== backtrace (tid:  24708) ====
 0  /usr/lib/libucs.so.0(ucs_handle_error+0x124) [0x7fb088ff7e04]
 1  /usr/lib/libucs.so.0(+0x2422c) [0x7fb088ff822c]
 2  /usr/lib/libucs.so.0(+0x244a4) [0x7fb088ff84a4]
 3  ../bin/mpi_pivot() [0x401992]
 4  /lib/x86_64-linux-gnu/libc.so.6(__libc_start_main+0xe7) [0x7fb091881c87]
 5  ../bin/mpi_pivot() [0x40116a]
=================================
--------------------------------------------------------------------------
Primary job  terminated normally, but 1 process returned
a non-zero exit code. Per user-direction, the job has been aborted.
--------------------------------------------------------------------------
--------------------------------------------------------------------------
mpirun noticed that process rank 0 with PID 24708 on node compute-35-3 exited on signal 11 (Segmentation fault).
--------------------------------------------------------------------------
--------------------------
mpi_pivot with 4 processors for N 1800
[compute-35-3:24756] mca_base_component_repository_open: unable to open mca_mtl_ofi: /usr/lib/libibverbs.so.1: version `IBVERBS_1.6' not found (required by /usr/lib/x86_64-linux-gnu/libfabric.so.1) (ignored)
[compute-35-3:24760] mca_base_component_repository_open: unable to open mca_mtl_ofi: /usr/lib/libibverbs.so.1: version `IBVERBS_1.6' not found (required by /usr/lib/x86_64-linux-gnu/libfabric.so.1) (ignored)
[compute-35-3:24757] mca_base_component_repository_open: unable to open mca_mtl_ofi: /usr/lib/libibverbs.so.1: version `IBVERBS_1.6' not found (required by /usr/lib/x86_64-linux-gnu/libfabric.so.1) (ignored)
[compute-35-3:24761] mca_base_component_repository_open: unable to open mca_mtl_ofi: /usr/lib/libibverbs.so.1: version `IBVERBS_1.6' not found (required by /usr/lib/x86_64-linux-gnu/libfabric.so.1) (ignored)
[compute-35-3:24756:0:24756] Caught signal 11 (Segmentation fault: address not mapped to object at address 0x7ffd6037f9c8)
==== backtrace (tid:  24756) ====
 0  /usr/lib/libucs.so.0(ucs_handle_error+0x124) [0x7f6219a62e04]
 1  /usr/lib/libucs.so.0(+0x2422c) [0x7f6219a6322c]
 2  /usr/lib/libucs.so.0(+0x244a4) [0x7f6219a634a4]
 3  ../bin/mpi_pivot() [0x401992]
 4  /lib/x86_64-linux-gnu/libc.so.6(__libc_start_main+0xe7) [0x7f62222c5c87]
 5  ../bin/mpi_pivot() [0x40116a]
=================================
--------------------------------------------------------------------------
Primary job  terminated normally, but 1 process returned
a non-zero exit code. Per user-direction, the job has been aborted.
--------------------------------------------------------------------------
--------------------------------------------------------------------------
mpirun noticed that process rank 0 with PID 24756 on node compute-35-3 exited on signal 11 (Segmentation fault).
--------------------------------------------------------------------------
--------------------------
mpi_pivot with 4 processors for N 2000
[compute-35-3:24808] mca_base_component_repository_open: unable to open mca_mtl_ofi: /usr/lib/libibverbs.so.1: version `IBVERBS_1.6' not found (required by /usr/lib/x86_64-linux-gnu/libfabric.so.1) (ignored)
[compute-35-3:24804] mca_base_component_repository_open: unable to open mca_mtl_ofi: /usr/lib/libibverbs.so.1: version `IBVERBS_1.6' not found (required by /usr/lib/x86_64-linux-gnu/libfabric.so.1) (ignored)
[compute-35-3:24805] mca_base_component_repository_open: unable to open mca_mtl_ofi: /usr/lib/libibverbs.so.1: version `IBVERBS_1.6' not found (required by /usr/lib/x86_64-linux-gnu/libfabric.so.1) (ignored)
[compute-35-3:24809] mca_base_component_repository_open: unable to open mca_mtl_ofi: /usr/lib/libibverbs.so.1: version `IBVERBS_1.6' not found (required by /usr/lib/x86_64-linux-gnu/libfabric.so.1) (ignored)
[compute-35-3:24804:0:24804] Caught signal 11 (Segmentation fault: address not mapped to object at address 0x7ffec33304f8)
==== backtrace (tid:  24804) ====
 0  /usr/lib/libucs.so.0(ucs_handle_error+0x124) [0x7f679bde0e04]
 1  /usr/lib/libucs.so.0(+0x2422c) [0x7f679bde122c]
 2  /usr/lib/libucs.so.0(+0x244a4) [0x7f679bde14a4]
 3  ../bin/mpi_pivot() [0x401992]
 4  /lib/x86_64-linux-gnu/libc.so.6(__libc_start_main+0xe7) [0x7f67a4750c87]
 5  ../bin/mpi_pivot() [0x40116a]
=================================
--------------------------------------------------------------------------
Primary job  terminated normally, but 1 process returned
a non-zero exit code. Per user-direction, the job has been aborted.
--------------------------------------------------------------------------
--------------------------------------------------------------------------
mpirun noticed that process rank 0 with PID 24804 on node compute-35-3 exited on signal 11 (Segmentation fault).
--------------------------------------------------------------------------
--------------------------
mpi_pivot with 4 processors for N 2200
[compute-35-3:24853] mca_base_component_repository_open: unable to open mca_mtl_ofi: /usr/lib/libibverbs.so.1: version `IBVERBS_1.6' not found (required by /usr/lib/x86_64-linux-gnu/libfabric.so.1) (ignored)
[compute-35-3:24857] mca_base_component_repository_open: unable to open mca_mtl_ofi: /usr/lib/libibverbs.so.1: version `IBVERBS_1.6' not found (required by /usr/lib/x86_64-linux-gnu/libfabric.so.1) (ignored)
[compute-35-3:24854] mca_base_component_repository_open: unable to open mca_mtl_ofi: /usr/lib/libibverbs.so.1: version `IBVERBS_1.6' not found (required by /usr/lib/x86_64-linux-gnu/libfabric.so.1) (ignored)
[compute-35-3:24858] mca_base_component_repository_open: unable to open mca_mtl_ofi: /usr/lib/libibverbs.so.1: version `IBVERBS_1.6' not found (required by /usr/lib/x86_64-linux-gnu/libfabric.so.1) (ignored)
[compute-35-3:24853:0:24853] Caught signal 11 (Segmentation fault: address not mapped to object at address 0x7ffe27bd7258)
==== backtrace (tid:  24853) ====
 0  /usr/lib/libucs.so.0(ucs_handle_error+0x124) [0x7fbc770ade04]
 1  /usr/lib/libucs.so.0(+0x2422c) [0x7fbc770ae22c]
 2  /usr/lib/libucs.so.0(+0x244a4) [0x7fbc770ae4a4]
 3  ../bin/mpi_pivot() [0x401992]
 4  /lib/x86_64-linux-gnu/libc.so.6(__libc_start_main+0xe7) [0x7fbc7f8f0c87]
 5  ../bin/mpi_pivot() [0x40116a]
=================================
--------------------------------------------------------------------------
Primary job  terminated normally, but 1 process returned
a non-zero exit code. Per user-direction, the job has been aborted.
--------------------------------------------------------------------------
--------------------------------------------------------------------------
mpirun noticed that process rank 0 with PID 24853 on node compute-35-3 exited on signal 11 (Segmentation fault).
--------------------------------------------------------------------------
--------------------------
mpi_pivot with 4 processors for N 2400
[compute-35-3:24902] mca_base_component_repository_open: unable to open mca_mtl_ofi: /usr/lib/libibverbs.so.1: version `IBVERBS_1.6' not found (required by /usr/lib/x86_64-linux-gnu/libfabric.so.1) (ignored)
[compute-35-3:24901] mca_base_component_repository_open: unable to open mca_mtl_ofi: /usr/lib/libibverbs.so.1: version `IBVERBS_1.6' not found (required by /usr/lib/x86_64-linux-gnu/libfabric.so.1) (ignored)
[compute-35-3:24905] mca_base_component_repository_open: unable to open mca_mtl_ofi: /usr/lib/libibverbs.so.1: version `IBVERBS_1.6' not found (required by /usr/lib/x86_64-linux-gnu/libfabric.so.1) (ignored)
[compute-35-3:24906] mca_base_component_repository_open: unable to open mca_mtl_ofi: /usr/lib/libibverbs.so.1: version `IBVERBS_1.6' not found (required by /usr/lib/x86_64-linux-gnu/libfabric.so.1) (ignored)
[compute-35-3:24901:0:24901] Caught signal 11 (Segmentation fault: address not mapped to object at address 0x7fff8a4e8948)
==== backtrace (tid:  24901) ====
 0  /usr/lib/libucs.so.0(ucs_handle_error+0x124) [0x7f9c13bb3e04]
 1  /usr/lib/libucs.so.0(+0x2422c) [0x7f9c13bb422c]
 2  /usr/lib/libucs.so.0(+0x244a4) [0x7f9c13bb44a4]
 3  ../bin/mpi_pivot() [0x401992]
 4  /lib/x86_64-linux-gnu/libc.so.6(__libc_start_main+0xe7) [0x7f9c1c611c87]
 5  ../bin/mpi_pivot() [0x40116a]
=================================
--------------------------------------------------------------------------
Primary job  terminated normally, but 1 process returned
a non-zero exit code. Per user-direction, the job has been aborted.
--------------------------------------------------------------------------
--------------------------------------------------------------------------
mpirun noticed that process rank 0 with PID 24901 on node compute-35-3 exited on signal 11 (Segmentation fault).
--------------------------------------------------------------------------
--------------------------
mpi_pivot with 4 processors for N 2600
[compute-35-3:24949] mca_base_component_repository_open: unable to open mca_mtl_ofi: /usr/lib/libibverbs.so.1: version `IBVERBS_1.6' not found (required by /usr/lib/x86_64-linux-gnu/libfabric.so.1) (ignored)
[compute-35-3:24953] mca_base_component_repository_open: unable to open mca_mtl_ofi: /usr/lib/libibverbs.so.1: version `IBVERBS_1.6' not found (required by /usr/lib/x86_64-linux-gnu/libfabric.so.1) (ignored)
[compute-35-3:24950] mca_base_component_repository_open: unable to open mca_mtl_ofi: /usr/lib/libibverbs.so.1: version `IBVERBS_1.6' not found (required by /usr/lib/x86_64-linux-gnu/libfabric.so.1) (ignored)
[compute-35-3:24954] mca_base_component_repository_open: unable to open mca_mtl_ofi: /usr/lib/libibverbs.so.1: version `IBVERBS_1.6' not found (required by /usr/lib/x86_64-linux-gnu/libfabric.so.1) (ignored)
[compute-35-3:24949:0:24949] Caught signal 11 (Segmentation fault: address not mapped to object at address 0x7ffd720a9ce8)
==== backtrace (tid:  24949) ====
 0  /usr/lib/libucs.so.0(ucs_handle_error+0x124) [0x7f72359e1e04]
 1  /usr/lib/libucs.so.0(+0x2422c) [0x7f72359e222c]
 2  /usr/lib/libucs.so.0(+0x244a4) [0x7f72359e24a4]
 3  ../bin/mpi_pivot() [0x401992]
 4  /lib/x86_64-linux-gnu/libc.so.6(__libc_start_main+0xe7) [0x7f723e253c87]
 5  ../bin/mpi_pivot() [0x40116a]
=================================
--------------------------------------------------------------------------
Primary job  terminated normally, but 1 process returned
a non-zero exit code. Per user-direction, the job has been aborted.
--------------------------------------------------------------------------
--------------------------------------------------------------------------
mpirun noticed that process rank 0 with PID 24949 on node compute-35-3 exited on signal 11 (Segmentation fault).
--------------------------------------------------------------------------
--------------------------
mpi_pivot with 4 processors for N 2800
[compute-35-3:24997] mca_base_component_repository_open: unable to open mca_mtl_ofi: /usr/lib/libibverbs.so.1: version `IBVERBS_1.6' not found (required by /usr/lib/x86_64-linux-gnu/libfabric.so.1) (ignored)
[compute-35-3:25001] mca_base_component_repository_open: unable to open mca_mtl_ofi: /usr/lib/libibverbs.so.1: version `IBVERBS_1.6' not found (required by /usr/lib/x86_64-linux-gnu/libfabric.so.1) (ignored)
[compute-35-3:24998] mca_base_component_repository_open: unable to open mca_mtl_ofi: /usr/lib/libibverbs.so.1: version `IBVERBS_1.6' not found (required by /usr/lib/x86_64-linux-gnu/libfabric.so.1) (ignored)
[compute-35-3:25002] mca_base_component_repository_open: unable to open mca_mtl_ofi: /usr/lib/libibverbs.so.1: version `IBVERBS_1.6' not found (required by /usr/lib/x86_64-linux-gnu/libfabric.so.1) (ignored)
[compute-35-3:24997:0:24997] Caught signal 11 (Segmentation fault: address not mapped to object at address 0x7fff582a5868)
==== backtrace (tid:  24997) ====
 0  /usr/lib/libucs.so.0(ucs_handle_error+0x124) [0x7f8f327cee04]
 1  /usr/lib/libucs.so.0(+0x2422c) [0x7f8f327cf22c]
 2  /usr/lib/libucs.so.0(+0x244a4) [0x7f8f327cf4a4]
 3  ../bin/mpi_pivot() [0x401992]
 4  /lib/x86_64-linux-gnu/libc.so.6(__libc_start_main+0xe7) [0x7f8f3b013c87]
 5  ../bin/mpi_pivot() [0x40116a]
=================================
--------------------------------------------------------------------------
Primary job  terminated normally, but 1 process returned
a non-zero exit code. Per user-direction, the job has been aborted.
--------------------------------------------------------------------------
--------------------------------------------------------------------------
mpirun noticed that process rank 0 with PID 24997 on node compute-35-3 exited on signal 11 (Segmentation fault).
--------------------------------------------------------------------------
--------------------------
mpi_pivot with 4 processors for N 3000
[compute-35-3:25045] mca_base_component_repository_open: unable to open mca_mtl_ofi: /usr/lib/libibverbs.so.1: version `IBVERBS_1.6' not found (required by /usr/lib/x86_64-linux-gnu/libfabric.so.1) (ignored)
[compute-35-3:25049] mca_base_component_repository_open: unable to open mca_mtl_ofi: /usr/lib/libibverbs.so.1: version `IBVERBS_1.6' not found (required by /usr/lib/x86_64-linux-gnu/libfabric.so.1) (ignored)
[compute-35-3:25046] mca_base_component_repository_open: unable to open mca_mtl_ofi: /usr/lib/libibverbs.so.1: version `IBVERBS_1.6' not found (required by /usr/lib/x86_64-linux-gnu/libfabric.so.1) (ignored)
[compute-35-3:25050] mca_base_component_repository_open: unable to open mca_mtl_ofi: /usr/lib/libibverbs.so.1: version `IBVERBS_1.6' not found (required by /usr/lib/x86_64-linux-gnu/libfabric.so.1) (ignored)
[compute-35-3:25045:0:25045] Caught signal 11 (Segmentation fault: address not mapped to object at address 0x7ffc003d5068)
==== backtrace (tid:  25045) ====
 0  /usr/lib/libucs.so.0(ucs_handle_error+0x124) [0x7f6cee20ee04]
 1  /usr/lib/libucs.so.0(+0x2422c) [0x7f6cee20f22c]
 2  /usr/lib/libucs.so.0(+0x244a4) [0x7f6cee20f4a4]
 3  ../bin/mpi_pivot() [0x401992]
 4  /lib/x86_64-linux-gnu/libc.so.6(__libc_start_main+0xe7) [0x7f6cf6aa9c87]
 5  ../bin/mpi_pivot() [0x40116a]
=================================
--------------------------------------------------------------------------
Primary job  terminated normally, but 1 process returned
a non-zero exit code. Per user-direction, the job has been aborted.
--------------------------------------------------------------------------
--------------------------------------------------------------------------
mpirun noticed that process rank 0 with PID 25045 on node compute-35-3 exited on signal 11 (Segmentation fault).
--------------------------------------------------------------------------
